Aug-02 17:23:07.703 [main] DEBUG nextflow.cli.Launcher - $> nextflow run main.nf -resume --WD /nemo/stp/babs/working/schneid/projects/vinuesac/qian.shen/qs699/ --indir /nemo/stp/babs/working/schneid/projects/vinuesac/qian.shen/qs699/Cellranger_output/ --outdir /nemo/stp/babs/working/schneid/projects/vinuesac/qian.shen/qs699/Immcantation --org mouse --dist 0.15 -profile local -work-dir /camp/stp/babs/scratch/schneid/SC24085_Imm_NF/
Aug-02 17:23:07.998 [main] DEBUG nextflow.cli.CmdRun - N E X T F L O W  ~  version 24.04.2
Aug-02 17:23:08.016 [main] DEBUG nextflow.plugin.PluginsFacade - Setting up plugin manager > mode=prod; embedded=false; plugins-dir=/camp/home/schneid/.nextflow/plugins; core-plugins: nf-amazon@2.5.2,nf-azure@1.6.0,nf-cloudcache@0.4.1,nf-codecommit@0.2.0,nf-console@1.1.3,nf-ga4gh@1.3.0,nf-google@1.13.2,nf-tower@1.9.1,nf-wave@1.4.2
Aug-02 17:23:08.110 [main] INFO  o.pf4j.DefaultPluginStatusProvider - Enabled plugins: []
Aug-02 17:23:08.111 [main] INFO  o.pf4j.DefaultPluginStatusProvider - Disabled plugins: []
Aug-02 17:23:08.114 [main] INFO  org.pf4j.DefaultPluginManager - PF4J version 3.10.0 in 'deployment' mode
Aug-02 17:23:08.124 [main] INFO  org.pf4j.AbstractPluginManager - No plugins
Aug-02 17:23:08.169 [main] DEBUG nextflow.config.ConfigBuilder - Found config local: /nemo/stp/babs/working/schneid/projects/vinuesac/qian.shen/qs699/NF_Immcantation_VDJ/nextflow.config
Aug-02 17:23:08.171 [main] DEBUG nextflow.config.ConfigBuilder - Parsing config file: /nemo/stp/babs/working/schneid/projects/vinuesac/qian.shen/qs699/NF_Immcantation_VDJ/nextflow.config
Aug-02 17:23:08.231 [main] DEBUG n.secret.LocalSecretsProvider - Secrets store: /camp/home/schneid/.nextflow/secrets/store.json
Aug-02 17:23:08.235 [main] DEBUG nextflow.secret.SecretsLoader - Discovered secrets providers: [nextflow.secret.LocalSecretsProvider@f08fdce] - activable => nextflow.secret.LocalSecretsProvider@f08fdce
Aug-02 17:23:08.245 [main] DEBUG nextflow.config.ConfigBuilder - Applying config profile: `local`
Aug-02 17:23:08.890 [main] DEBUG nextflow.config.ConfigBuilder - Available config profiles: [cluster, local]
Aug-02 17:23:08.921 [main] DEBUG nextflow.cli.CmdRun - Applied DSL=2 from script declaration
Aug-02 17:23:08.926 [main] DEBUG nextflow.cli.CmdRun - Launching `main.nf` [nostalgic_tesla] DSL2 - revision: a93531680d
Aug-02 17:23:08.927 [main] DEBUG nextflow.plugin.PluginsFacade - Plugins default=[]
Aug-02 17:23:08.927 [main] DEBUG nextflow.plugin.PluginsFacade - Plugins resolved requirement=[]
Aug-02 17:23:08.973 [main] DEBUG nextflow.Session - Session UUID: 879aa752-7777-4f98-b404-93e7cb78e823
Aug-02 17:23:08.974 [main] DEBUG nextflow.Session - Run name: nostalgic_tesla
Aug-02 17:23:08.974 [main] DEBUG nextflow.Session - Executor pool size: 32
Aug-02 17:23:08.981 [main] DEBUG nextflow.file.FilePorter - File porter settings maxRetries=3; maxTransfers=50; pollTimeout=null
Aug-02 17:23:08.986 [main] DEBUG nextflow.util.ThreadPoolBuilder - Creating thread pool 'FileTransfer' minSize=10; maxSize=96; workQueue=LinkedBlockingQueue[10000]; allowCoreThreadTimeout=false
Aug-02 17:23:09.003 [main] DEBUG nextflow.cli.CmdRun - 
  Version: 24.04.2 build 5914
  Created: 29-05-2024 06:19 UTC (07:19 BST)
  System: Linux 4.18.0-425.3.1.el8.x86_64
  Runtime: Groovy 4.0.21 on OpenJDK 64-Bit Server VM 11.0.2+9
  Encoding: UTF-8 (UTF-8)
  Process: 2610123@babs002 [10.28.4.20]
  CPUs: 32 - Mem: 995.4 GB (981.2 GB) - Swap: 8 GB (8 GB)
Aug-02 17:23:09.058 [main] DEBUG nextflow.Session - Work-dir: /camp/stp/babs/scratch/schneid/SC24085_Imm_NF [gpfs]
Aug-02 17:23:09.142 [main] DEBUG nextflow.executor.ExecutorFactory - Extension executors providers=[GoogleLifeSciencesExecutor, AwsBatchExecutor, GoogleBatchExecutor]
Aug-02 17:23:09.156 [main] DEBUG nextflow.Session - Observer factory: DefaultObserverFactory
Aug-02 17:23:09.159 [main] DEBUG nextflow.Session - Observer factory: WaveFactory
Aug-02 17:23:09.159 [main] DEBUG nextflow.Session - Observer factory: TowerFactory
Aug-02 17:23:09.208 [main] DEBUG nextflow.cache.CacheFactory - Using Nextflow cache factory: nextflow.cache.DefaultCacheFactory
Aug-02 17:23:09.217 [main] DEBUG nextflow.util.CustomThreadPool - Creating default thread pool > poolSize: 33; maxThreads: 1000
Aug-02 17:23:09.479 [main] DEBUG nextflow.Session - Session start
Aug-02 17:23:09.735 [main] DEBUG nextflow.script.ScriptRunner - > Launching execution
Aug-02 17:23:09.865 [main] DEBUG nextflow.executor.ExecutorFactory - << taskConfig executor: local
Aug-02 17:23:09.865 [main] DEBUG nextflow.executor.ExecutorFactory - >> processorType: 'local'
Aug-02 17:23:09.868 [main] DEBUG nextflow.executor.Executor - [warm up] executor > local
Aug-02 17:23:09.873 [main] DEBUG n.processor.LocalPollingMonitor - Creating local task monitor for executor 'local' > cpus=32; memory=995.4 GB; capacity=32; pollInterval=100ms; dumpInterval=5m
Aug-02 17:23:09.875 [main] DEBUG n.processor.TaskPollingMonitor - >>> barrier register (monitor: local)
Aug-02 17:23:09.929 [main] DEBUG nextflow.Session - Workflow process names [dsl2]: changeo10X, Imm_process_R, changeo_clones
Aug-02 17:23:09.930 [main] DEBUG nextflow.Session - Igniting dataflow network (2)
Aug-02 17:23:09.935 [main] DEBUG nextflow.processor.TaskProcessor - Starting process > changeo10X
Aug-02 17:23:09.935 [main] DEBUG nextflow.script.ScriptRunner - Parsed script files:
  Script_2e9934792baeb683: /nemo/stp/babs/working/schneid/projects/vinuesac/qian.shen/qs699/NF_Immcantation_VDJ/main.nf
Aug-02 17:23:09.935 [main] DEBUG nextflow.script.ScriptRunner - > Awaiting termination 
Aug-02 17:23:09.936 [main] DEBUG nextflow.Session - Session await
Aug-02 17:23:09.939 [PathVisitor-1] DEBUG nextflow.file.PathVisitor - files for syntax: glob; folder: /nemo/stp/babs/working/schneid/projects/vinuesac/qian.shen/qs699/Cellranger_output/; pattern: *; options: [type:dir, maxDepth:1]
Aug-02 17:23:10.245 [Actor Thread 9] DEBUG i.s.wave.plugin.config.WaveConfig - Wave strategy not specified - using default: [container, dockerfile, conda, spack]
Aug-02 17:23:10.251 [Actor Thread 9] DEBUG io.seqera.wave.plugin.WaveClient - Wave config: WaveConfig(enabled:null, endpoint:https://wave.seqera.io, containerConfigUrl:[], tokensCacheMaxDuration:30m, condaOpts:CondaOpts(mambaImage=mambaorg/micromamba:1.5.8-lunar; basePackages=conda-forge::procps-ng, commands=null), spackOpts:SpackOpts(basePackages=null, commands=null), strategy:[container, dockerfile, conda, spack], bundleProjectResources:null, buildRepository:null, cacheRepository:null, retryOpts:RetryOpts(delay:450ms, maxDelay:1m 30s, maxAttempts:10, jitter:0.25), httpClientOpts:HttpOpts(), freezeMode:null, preserveFileTimestamp:null)
Aug-02 17:23:10.378 [Actor Thread 24] DEBUG nextflow.container.SingularityCache - Singularity found local store for image=docker://immcantation/suite:4.5.0; path=/nemo/stp/babs/working/schneid/projects/vinuesac/qian.shen/qs699/images/cachedir/immcantation-suite-4.5.0.img
Aug-02 17:23:10.499 [Task submitter] DEBUG n.executor.local.LocalTaskHandler - Launch cmd line: /bin/bash -ue .command.run
Aug-02 17:23:10.501 [Task submitter] INFO  nextflow.Session - [bf/fbab94] Submitted process > changeo10X (3)
Aug-02 17:23:10.513 [Task submitter] DEBUG n.executor.local.LocalTaskHandler - Launch cmd line: /bin/bash -ue .command.run
Aug-02 17:23:10.514 [Task submitter] INFO  nextflow.Session - [da/9fa2b3] Submitted process > changeo10X (1)
Aug-02 17:23:10.521 [Task submitter] DEBUG n.executor.local.LocalTaskHandler - Launch cmd line: /bin/bash -ue .command.run
Aug-02 17:23:10.522 [Task submitter] INFO  nextflow.Session - [1d/9d58d5] Submitted process > changeo10X (2)
Aug-02 17:27:36.215 [Task monitor] DEBUG n.processor.TaskPollingMonitor - Task completed > TaskHandler[id: 3; name: changeo10X (3); status: COMPLETED; exit: 0; error: -; workDir: /camp/stp/babs/scratch/schneid/SC24085_Imm_NF/bf/fbab9430ca35f64045f94858b98212]
Aug-02 17:27:36.229 [Task monitor] DEBUG nextflow.util.ThreadPoolBuilder - Creating thread pool 'TaskFinalizer' minSize=10; maxSize=96; workQueue=LinkedBlockingQueue[10000]; allowCoreThreadTimeout=false
Aug-02 17:27:36.312 [Task monitor] DEBUG n.processor.TaskPollingMonitor - Task completed > TaskHandler[id: 2; name: changeo10X (2); status: COMPLETED; exit: 0; error: -; workDir: /camp/stp/babs/scratch/schneid/SC24085_Imm_NF/1d/9d58d5da9ab63ca74ca174e17a18b1]
Aug-02 17:27:36.360 [TaskFinalizer-1] DEBUG nextflow.util.ThreadPoolBuilder - Creating thread pool 'PublishDir' minSize=10; maxSize=96; workQueue=LinkedBlockingQueue[10000]; allowCoreThreadTimeout=false
Aug-02 17:28:10.049 [Task monitor] DEBUG n.processor.TaskPollingMonitor - !! executor local > tasks to be completed: 1 -- submitted tasks are shown below
~> TaskHandler[id: 1; name: changeo10X (1); status: RUNNING; exit: -; error: -; workDir: /camp/stp/babs/scratch/schneid/SC24085_Imm_NF/da/9fa2b36bb257fd7d50705aa60556d8]
Aug-02 17:28:27.983 [Task monitor] DEBUG n.processor.TaskPollingMonitor - Task completed > TaskHandler[id: 1; name: changeo10X (1); status: COMPLETED; exit: 0; error: -; workDir: /camp/stp/babs/scratch/schneid/SC24085_Imm_NF/da/9fa2b36bb257fd7d50705aa60556d8]
Aug-02 17:28:27.990 [main] DEBUG nextflow.Session - Session await > all processes finished
Aug-02 17:28:28.083 [Task monitor] DEBUG n.processor.TaskPollingMonitor - <<< barrier arrives (monitor: local) - terminating tasks monitor poll loop
Aug-02 17:28:28.083 [main] DEBUG nextflow.Session - Session await > all barriers passed
Aug-02 17:28:28.086 [main] DEBUG nextflow.util.ThreadPoolManager - Thread pool 'TaskFinalizer' shutdown completed (hard=false)
Aug-02 17:28:28.086 [main] DEBUG nextflow.util.ThreadPoolManager - Thread pool 'PublishDir' shutdown completed (hard=false)
Aug-02 17:28:28.091 [main] DEBUG n.trace.WorkflowStatsObserver - Workflow completed > WorkflowStats[succeededCount=3; failedCount=0; ignoredCount=0; cachedCount=0; pendingCount=0; submittedCount=0; runningCount=0; retriesCount=0; abortedCount=0; succeedDuration=14m 9s; failedDuration=0ms; cachedDuration=0ms;loadCpus=0; loadMemory=0; peakRunning=3; peakCpus=3; peakMemory=60 GB; ]
Aug-02 17:28:28.189 [main] DEBUG nextflow.cache.CacheDB - Closing CacheDB done
Aug-02 17:28:28.206 [main] DEBUG nextflow.util.ThreadPoolManager - Thread pool 'FileTransfer' shutdown completed (hard=false)
Aug-02 17:28:28.207 [main] DEBUG nextflow.script.ScriptRunner - > Execution complete -- Goodbye
